# JRE version: OpenJDK Runtime Environment (8.0_152-b01) (build 1.8.0_152-release-1343-b01)
# Java VM: OpenJDK 64-Bit Server VM (25.152-b01 mixed mode windows-amd64 compressed oops)
Heap:
 PSYoungGen      total 286720K, used 261995K [0x00000000e0000000, 0x00000000f6300000, 0x0000000100000000)
  eden space 232448K, 95% used [0x00000000e0000000,0x00000000ed89ef30,0x00000000ee300000)
  from space 54272K, 74% used [0x00000000ee300000,0x00000000f0a3bf90,0x00000000f1800000)
  to   space 57344K, 0% used [0x00000000f2b00000,0x00000000f2b00000,0x00000000f6300000)
 ParOldGen       total 215552K, used 101735K [0x00000000a0000000, 0x00000000ad280000, 0x00000000e0000000)
  object space 215552K, 47% used [0x00000000a0000000,0x00000000a6359d38,0x00000000ad280000)
 Metaspace       used 151946K, capacity 160320K, committed 160576K, reserved 1189888K
  class space    used 19300K, capacity 20773K, committed 20864K, reserved 1048576K
GC Heap History (10 events):
Event: 772.555 GC heap before
{Heap before GC invocations=25 (full 4):
 PSYoungGen      total 244736K, used 234267K [0x00000000e0000000, 0x00000000f1b00000, 0x0000000100000000)
  eden space 207360K, 100% used [0x00000000e0000000,0x00000000eca80000,0x00000000eca80000)
  from space 37376K, 71% used [0x00000000ef080000,0x00000000f0ac6f10,0x00000000f1500000)
  to   space 38912K, 0% used [0x00000000eca80000,0x00000000eca80000,0x00000000ef080000)
 ParOldGen       total 215552K, used 70803K [0x00000000a0000000, 0x00000000ad280000, 0x00000000e0000000)
  object space 215552K, 32% used [0x00000000a0000000,0x00000000a4524f38,0x00000000ad280000)
 Metaspace       used 116793K, capacity 122750K, committed 122944K, reserved 1157120K
  class space    used 14920K, capacity 15994K, committed 16000K, reserved 1048576K
Event: 772.604 GC heap after
Heap after GC invocations=25 (full 4):
 PSYoungGen      total 246272K, used 38907K [0x00000000e0000000, 0x00000000f3600000, 0x0000000100000000)
  eden space 207360K, 0% used [0x00000000e0000000,0x00000000e0000000,0x00000000eca80000)
  from space 38912K, 99% used [0x00000000eca80000,0x00000000ef07ed30,0x00000000ef080000)
  to   space 45568K, 0% used [0x00000000f0980000,0x00000000f0980000,0x00000000f3600000)
 ParOldGen       total 215552K, used 73100K [0x00000000a0000000, 0x00000000ad280000, 0x00000000e0000000)
  object space 215552K, 33% used [0x00000000a0000000,0x00000000a47630d0,0x00000000ad280000)
 Metaspace       used 116793K, capacity 122750K, committed 122944K, reserved 1157120K
  class space    used 14920K, capacity 15994K, committed 16000K, reserved 1048576K
}
Event: 780.112 GC heap before
{Heap before GC invocations=26 (full 4):
 PSYoungGen      total 246272K, used 246267K [0x00000000e0000000, 0x00000000f3600000, 0x0000000100000000)
  eden space 207360K, 100% used [0x00000000e0000000,0x00000000eca80000,0x00000000eca80000)
  from space 38912K, 99% used [0x00000000eca80000,0x00000000ef07ed30,0x00000000ef080000)
  to   space 45568K, 0% used [0x00000000f0980000,0x00000000f0980000,0x00000000f3600000)
 ParOldGen       total 215552K, used 73100K [0x00000000a0000000, 0x00000000ad280000, 0x00000000e0000000)
  object space 215552K, 33% used [0x00000000a0000000,0x00000000a47630d0,0x00000000ad280000)
 Metaspace       used 128964K, capacity 135630K, committed 135872K, reserved 1167360K
  class space    used 16609K, capacity 17829K, committed 17920K, reserved 1048576K
Event: 780.186 GC heap after
Heap after GC invocations=26 (full 4):
 PSYoungGen      total 263168K, used 45539K [0x00000000e0000000, 0x00000000f4900000, 0x0000000100000000)
  eden space 217600K, 0% used [0x00000000e0000000,0x00000000e0000000,0x00000000ed480000)
  from space 45568K, 99% used [0x00000000f0980000,0x00000000f35f8f00,0x00000000f3600000)
  to   space 54272K, 0% used [0x00000000ed480000,0x00000000ed480000,0x00000000f0980000)
 ParOldGen       total 215552K, used 78340K [0x00000000a0000000, 0x00000000ad280000, 0x00000000e0000000)
  object space 215552K, 36% used [0x00000000a0000000,0x00000000a4c810f8,0x00000000ad280000)
 Metaspace       used 128964K, capacity 135630K, committed 135872K, reserved 1167360K
  class space    used 16609K, capacity 17829K, committed 17920K, reserved 1048576K
}
Event: 1164.210 GC heap before
{Heap before GC invocations=27 (full 4):
 PSYoungGen      total 263168K, used 263139K [0x00000000e0000000, 0x00000000f4900000, 0x0000000100000000)
  eden space 217600K, 100% used [0x00000000e0000000,0x00000000ed480000,0x00000000ed480000)
  from space 45568K, 99% used [0x00000000f0980000,0x00000000f35f8f00,0x00000000f3600000)
  to   space 54272K, 0% used [0x00000000ed480000,0x00000000ed480000,0x00000000f0980000)
 ParOldGen       total 215552K, used 78340K [0x00000000a0000000, 0x00000000ad280000, 0x00000000e0000000)
  object space 215552K, 36% used [0x00000000a0000000,0x00000000a4c810f8,0x00000000ad280000)
 Metaspace       used 133363K, capacity 140308K, committed 140608K, reserved 1171456K
  class space    used 16999K, capacity 18249K, committed 18304K, reserved 1048576K
Event: 1164.283 GC heap after
Heap after GC invocations=27 (full 4):
 PSYoungGen      total 271872K, used 19055K [0x00000000e0000000, 0x00000000f4a80000, 0x0000000100000000)
  eden space 217600K, 0% used [0x00000000e0000000,0x00000000e0000000,0x00000000ed480000)
  from space 54272K, 35% used [0x00000000ed480000,0x00000000ee71bd08,0x00000000f0980000)
  to   space 51712K, 0% used [0x00000000f1800000,0x00000000f1800000,0x00000000f4a80000)
 ParOldGen       total 215552K, used 101719K [0x00000000a0000000, 0x00000000ad280000, 0x00000000e0000000)
  object space 215552K, 47% used [0x00000000a0000000,0x00000000a6355d38,0x00000000ad280000)
 Metaspace       used 133363K, capacity 140308K, committed 140608K, reserved 1171456K
  class space    used 16999K, capacity 18249K, committed 18304K, reserved 1048576K
}
Event: 1176.624 GC heap before
{Heap before GC invocations=28 (full 4):
 PSYoungGen      total 271872K, used 236655K [0x00000000e0000000, 0x00000000f4a80000, 0x0000000100000000)
  eden space 217600K, 100% used [0x00000000e0000000,0x00000000ed480000,0x00000000ed480000)
  from space 54272K, 35% used [0x00000000ed480000,0x00000000ee71bd08,0x00000000f0980000)
  to   space 51712K, 0% used [0x00000000f1800000,0x00000000f1800000,0x00000000f4a80000)
 ParOldGen       total 215552K, used 101719K [0x00000000a0000000, 0x00000000ad280000, 0x00000000e0000000)
  object space 215552K, 47% used [0x00000000a0000000,0x00000000a6355d38,0x00000000ad280000)
 Metaspace       used 146343K, capacity 154182K, committed 154304K, reserved 1183744K
  class space    used 18769K, capacity 20137K, committed 20224K, reserved 1048576K
Event: 1176.683 GC heap after
Heap after GC invocations=28 (full 4):
 PSYoungGen      total 284160K, used 37603K [0x00000000e0000000, 0x00000000f4f00000, 0x0000000100000000)
  eden space 232448K, 0% used [0x00000000e0000000,0x00000000e0000000,0x00000000ee300000)
  from space 51712K, 72% used [0x00000000f1800000,0x00000000f3cb8d88,0x00000000f4a80000)
  to   space 54272K, 0% used [0x00000000ee300000,0x00000000ee300000,0x00000000f1800000)
 ParOldGen       total 215552K, used 101727K [0x00000000a0000000, 0x00000000ad280000, 0x00000000e0000000)
  object space 215552K, 47% used [0x00000000a0000000,0x00000000a6357d38,0x00000000ad280000)
 Metaspace       used 146343K, capacity 154182K, committed 154304K, reserved 1183744K
  class space    used 18769K, capacity 20137K, committed 20224K, reserved 1048576K
}
Event: 1189.203 GC heap before
{Heap before GC invocations=29 (full 4):
 PSYoungGen      total 284160K, used 270051K [0x00000000e0000000, 0x00000000f4f00000, 0x0000000100000000)
  eden space 232448K, 100% used [0x00000000e0000000,0x00000000ee300000,0x00000000ee300000)
  from space 51712K, 72% used [0x00000000f1800000,0x00000000f3cb8d88,0x00000000f4a80000)
  to   space 54272K, 0% used [0x00000000ee300000,0x00000000ee300000,0x00000000f1800000)
 ParOldGen       total 215552K, used 101727K [0x00000000a0000000, 0x00000000ad280000, 0x00000000e0000000)
  object space 215552K, 47% used [0x00000000a0000000,0x00000000a6357d38,0x00000000ad280000)
 Metaspace       used 148082K, capacity 156004K, committed 156352K, reserved 1185792K
  class space    used 18971K, capacity 20382K, committed 20480K, reserved 1048576K
Event: 1189.338 GC heap after
Heap after GC invocations=29 (full 4):
 PSYoungGen      total 286720K, used 40175K [0x00000000e0000000, 0x00000000f6300000, 0x0000000100000000)
  eden space 232448K, 0% used [0x00000000e0000000,0x00000000e0000000,0x00000000ee300000)
  from space 54272K, 74% used [0x00000000ee300000,0x00000000f0a3bf90,0x00000000f1800000)
  to   space 57344K, 0% used [0x00000000f2b00000,0x00000000f2b00000,0x00000000f6300000)
 ParOldGen       total 215552K, used 101735K [0x00000000a0000000, 0x00000000ad280000, 0x00000000e0000000)
  object space 215552K, 47% used [0x00000000a0000000,0x00000000a6359d38,0x00000000ad280000)
 Metaspace       used 148082K, capacity 156004K, committed 156352K, reserved 1185792K
  class space    used 18971K, capacity 20382K, committed 20480K, reserved 1048576K
}

